<?xml version="1.0" encoding="UTF-8"?>
<!-- Generated by org.testng.reporters.JUnitReportReporter -->
<testsuite hostname="DESKTOP-S0P6QUG" failures="0" tests="1" name="com.annotations.Annot" time="0.010" errors="0" timestamp="2021-09-06T11:26:35 IST" skipped="0">
  <testcase classname="com.annotations.Annot" name="testCase1" time="0.010"/>
  <system-out/>
</testsuite> <!-- com.annotations.Annot -->
