<?xml version="1.0" encoding="UTF-8"?>
<!-- Generated by org.testng.reporters.JUnitReportReporter -->
<testsuite hostname="DESKTOP-S0P6QUG" failures="0" tests="1" name="com.annotations.Assert" time="0.017" errors="0" timestamp="2021-09-06T12:26:39 IST" skipped="0">
  <testcase classname="com.annotations.Assert" name="testCase1" time="0.017"/>
  <system-out/>
</testsuite> <!-- com.annotations.Assert -->
