<?xml version="1.0" encoding="UTF-8"?>
<!-- Generated by org.testng.reporters.JUnitReportReporter -->
<testsuite hostname="DESKTOP-S0P6QUG" failures="0" tests="3" name="com.annotations.Paramet" time="0.014" errors="0" timestamp="2021-09-06T14:09:35 IST" skipped="0">
  <testcase classname="com.annotations.Paramet" name="testCase1" time="0.002"/>
  <system-out/>
  <testcase classname="com.annotations.Paramet" name="testCase1" time="0.003"/>
  <system-out/>
  <testcase classname="com.annotations.Paramet" name="testCase1" time="0.009"/>
  <system-out/>
</testsuite> <!-- com.annotations.Paramet -->
