<?xml version="1.0" encoding="UTF-8"?>
<!-- Generated by org.testng.reporters.JUnitReportReporter -->
<testsuite hostname="DESKTOP-S0P6QUG" failures="0" tests="2" name="org.com.testng.Testng" time="0.017" errors="0" timestamp="2021-07-30T13:33:43 IST" skipped="0">
  <testcase classname="org.com.testng.Testng" name="click" time="0.016"/>
  <system-out/>
  <testcase classname="org.com.testng.Testng" name="login" time="0.001"/>
  <system-out/>
</testsuite> <!-- org.com.testng.Testng -->
